#
# There is insufficient memory for the Java Runtime Environment to continue.
# Native memory allocation (malloc) failed to allocate 32744 bytes. Error detail: Chunk::new
# Possible reasons:
#   The system is out of physical RAM or swap space
#   This process is running with CompressedOops enabled, and the Java Heap may be blocking the growth of the native heap
# Possible solutions:
#   Reduce memory load on the system
#   Increase physical memory or swap space
#   Check if swap backing store is full
#   Decrease Java heap size (-Xmx/-Xms)
#   Decrease number of Java threads
#   Decrease Java thread stack sizes (-Xss)
#   Set larger code cache with -XX:ReservedCodeCacheSize=
#   JVM is running with Unscaled Compressed Oops mode in which the Java heap is
#     placed in the first 4GB address space. The Java Heap base address is the
#     maximum limit for the native heap growth. Please use -XX:HeapBaseMinAddress
#     to set the Java Heap base and to place the Java Heap above 4GB virtual address.
# This output file may be truncated or incomplete.
#
#  Out of Memory Error (arena.cpp:168), pid=17788, tid=2760
#
# JRE version: OpenJDK Runtime Environment Temurin-21.0.7+6 (21.0.7+6) (build 21.0.7+6-LTS)
# Java VM: OpenJDK 64-Bit Server VM Temurin-21.0.7+6 (21.0.7+6-LTS, mixed mode, sharing, tiered, compressed oops, compressed class ptrs, parallel gc, windows-amd64)
# No core dump will be written. Minidumps are not enabled by default on client versions of Windows
#

---------------  S U M M A R Y ------------

Command Line: --add-modules=ALL-SYSTEM --add-opens=java.base/java.util=ALL-UNNAMED --add-opens=java.base/java.lang=ALL-UNNAMED --add-opens=java.base/sun.nio.fs=ALL-UNNAMED -Declipse.application=org.eclipse.jdt.ls.core.id1 -Dosgi.bundles.defaultStartLevel=4 -Declipse.product=org.eclipse.jdt.ls.core.product -Djava.import.generatesMetadataFilesAtProjectRoot=false -DDetectVMInstallationsJob.disabled=true -Dfile.encoding=utf8 -XX:+UseParallelGC -XX:GCTimeRatio=4 -XX:AdaptiveSizePolicyWeight=90 -Dsun.zip.disableMemoryMapping=true -Xmx1G -Xms100m -Xlog:disable -javaagent:c:\Users\6075569\.cursor\extensions\redhat.java-1.42.0-win32-x64\lombok\lombok-1.18.36.jar -XX:+HeapDumpOnOutOfMemoryError -XX:HeapDumpPath=c:\Users\6075569\AppData\Roaming\Cursor\User\workspaceStorage\6128063bb9d0185284165d3ec6c16c8a\redhat.java -Daether.dependencyCollector.impl=bf -agentpath:C:\Program Files\SentinelOne\Sentinel Agent 24.1.6.313\SentinelJava64.dll=extendedCapabilities c:\Users\6075569\.cursor\extensions\redhat.java-1.42.0-win32-x64\server\plugins\org.eclipse.equinox.launcher_1.7.0.v20250424-1814.jar -configuration c:\Users\6075569\AppData\Roaming\Cursor\User\globalStorage\redhat.java\1.42.0\config_win -data c:\Users\6075569\AppData\Roaming\Cursor\User\workspaceStorage\6128063bb9d0185284165d3ec6c16c8a\redhat.java\jdt_ws --pipe=\\.\pipe\lsp-3f070817361d6414b7e97ea9cd5573fb-sock

Host: 12th Gen Intel(R) Core(TM) i7-12800H, 20 cores, 31G,  Windows 11 , 64 bit Build 22621 (10.0.22621.5262)
Time: Wed May 28 10:52:53 2025 Hora oficial do Brasil elapsed time: 13.619470 seconds (0d 0h 0m 13s)

---------------  T H R E A D  ---------------

Current thread (0x000001d519310630):  JavaThread "C2 CompilerThread0" daemon [_thread_in_native, id=2760, stack(0x00000056c5100000,0x00000056c5200000) (1024K)]


Current CompileTask:
C2:13619 11238       4       java.lang.reflect.Field::get (39 bytes)

Stack: [0x00000056c5100000,0x00000056c5200000]
Native frames: (J=compiled Java code, j=interpreted, Vv=VM code, C=native code)
V  [jvm.dll+0x6ce119]
V  [jvm.dll+0x8a84a1]
V  [jvm.dll+0x8aa9ce]
V  [jvm.dll+0x8ab0b3]
V  [jvm.dll+0x27f8a6]
V  [jvm.dll+0xc507d]
V  [jvm.dll+0xc55b3]
V  [jvm.dll+0x5d744d]
V  [jvm.dll+0x1e003f]
V  [jvm.dll+0x247c42]
V  [jvm.dll+0x2470cf]
V  [jvm.dll+0x1c760e]
V  [jvm.dll+0x25695a]
V  [jvm.dll+0x254efa]
V  [jvm.dll+0x3f03f6]
V  [jvm.dll+0x851f6b]
V  [jvm.dll+0x6cc7dd]
C  [ucrtbase.dll+0x29333]
C  [KERNEL32.DLL+0x1259d]
C  [ntdll.dll+0x5af58]


---------------  P R O C E S S  ---------------

Threads class SMR info:
_java_thread_list=0x000001d56aacf130, length=116, elements={
0x000001d50224e1a0, 0x000001d55b43b3c0, 0x000001d55b43da30, 0x000001d51931e3b0,
0x000001d51931ccd0, 0x000001d55b4449d0, 0x000001d55b445030, 0x000001d519310630,
0x000001d55b451650, 0x000001d55b4842d0, 0x000001d504d9c700, 0x000001d55b56b440,
0x000001d55b5b6d60, 0x000001d55b6dbbc0, 0x000001d55d8b4020, 0x000001d563a3ae80,
0x000001d563a38720, 0x000001d563a3a7f0, 0x000001d563a38db0, 0x000001d563a37a00,
0x000001d563a39ad0, 0x000001d563a38090, 0x000001d5648842d0, 0x000001d564887750,
0x000001d564883c40, 0x000001d5647a37e0, 0x000001d5645c03b0, 0x000001d5648863a0,
0x000001d564884ff0, 0x000001d564885d10, 0x000001d564882890, 0x000001d564882f20,
0x000001d564886a30, 0x000001d564882200, 0x000001d564888b00, 0x000001d564888470,
0x000001d564887de0, 0x000001d564881b70, 0x000001d564889190, 0x000001d5648835b0,
0x000001d5651043d0, 0x000001d565105e10, 0x000001d5651036b0, 0x000001d5650ffba0,
0x000001d5651015e0, 0x000001d5651064a0, 0x000001d5650ff510, 0x000001d5651008c0,
0x000001d565106b30, 0x000001d565103020, 0x000001d565104a60, 0x000001d565100f50,
0x000001d5651050f0, 0x000001d565100230, 0x000001d565102300, 0x000001d565103d40,
0x000001d565102990, 0x000001d565944d90, 0x000001d564a500b0, 0x000001d564f79f90,
0x000001d565943350, 0x000001d565944700, 0x000001d565946140, 0x000001d5659467d0,
0x000001d563a3a160, 0x000001d5650e6460, 0x000001d5650df4d0, 0x000001d5650e6af0,
0x000001d5650dfb60, 0x000001d5650e5740, 0x000001d5650e0880, 0x000001d5650e5dd0,
0x000001d5650e01f0, 0x000001d5650e0f10, 0x000001d5650e15a0, 0x000001d5650e1c30,
0x000001d5650e22c0, 0x000001d5650e50b0, 0x000001d5650e2950, 0x000001d5650e2fe0,
0x000001d5650e3670, 0x000001d5650e3d00, 0x000001d5650e4390, 0x000001d5650e4a20,
0x000001d567c38150, 0x000001d567c36080, 0x000001d567c311c0, 0x000001d567c31ee0,
0x000001d567c36710, 0x000001d567c36da0, 0x000001d567c33920, 0x000001d567c31850,
0x000001d567c37430, 0x000001d567c37ac0, 0x000001d567c34cd0, 0x000001d5661c7140,
0x000001d5661c7810, 0x000001d567c33fb0, 0x000001d567c34640, 0x000001d567c35360,
0x000001d567c359f0, 0x000001d562a9c7c0, 0x000001d562a9ad80, 0x000001d562a9e200,
0x000001d562aa02d0, 0x000001d562aa0960, 0x000001d562a999d0, 0x000001d562a9a6f0,
0x000001d562a9b410, 0x000001d562aa0ff0, 0x000001d562a9ce50, 0x000001d562a9e890,
0x000001d562a9a060, 0x000001d562a9ef20, 0x000001d562a9f5b0, 0x000001d562a9d4e0
}

Java Threads: ( => current thread )
  0x000001d50224e1a0 JavaThread "main"                              [_thread_blocked, id=48448, stack(0x00000056c4700000,0x00000056c4800000) (1024K)]
  0x000001d55b43b3c0 JavaThread "Reference Handler"          daemon [_thread_blocked, id=37864, stack(0x00000056c4b00000,0x00000056c4c00000) (1024K)]
  0x000001d55b43da30 JavaThread "Finalizer"                  daemon [_thread_blocked, id=41312, stack(0x00000056c4c00000,0x00000056c4d00000) (1024K)]
  0x000001d51931e3b0 JavaThread "Signal Dispatcher"          daemon [_thread_blocked, id=35156, stack(0x00000056c4d00000,0x00000056c4e00000) (1024K)]
  0x000001d51931ccd0 JavaThread "Attach Listener"            daemon [_thread_blocked, id=17080, stack(0x00000056c4e00000,0x00000056c4f00000) (1024K)]
  0x000001d55b4449d0 JavaThread "Service Thread"             daemon [_thread_blocked, id=17180, stack(0x00000056c4f00000,0x00000056c5000000) (1024K)]
  0x000001d55b445030 JavaThread "Monitor Deflation Thread"   daemon [_thread_blocked, id=41412, stack(0x00000056c5000000,0x00000056c5100000) (1024K)]
=>0x000001d519310630 JavaThread "C2 CompilerThread0"         daemon [_thread_in_native, id=2760, stack(0x00000056c5100000,0x00000056c5200000) (1024K)]
  0x000001d55b451650 JavaThread "C1 CompilerThread0"         daemon [_thread_blocked, id=23316, stack(0x00000056c5200000,0x00000056c5300000) (1024K)]
  0x000001d55b4842d0 JavaThread "Common-Cleaner"             daemon [_thread_blocked, id=14612, stack(0x00000056c5300000,0x00000056c5400000) (1024K)]
  0x000001d504d9c700 JavaThread "C1 CompilerThread1"         daemon [_thread_blocked, id=3380, stack(0x00000056c5400000,0x00000056c5500000) (1024K)]
  0x000001d55b56b440 JavaThread "C1 CompilerThread2"         daemon [_thread_blocked, id=3148, stack(0x00000056c5500000,0x00000056c5600000) (1024K)]
  0x000001d55b5b6d60 JavaThread "C2 CompilerThread1"         daemon [_thread_in_native, id=11120, stack(0x00000056c5600000,0x00000056c5700000) (1024K)]
  0x000001d55b6dbbc0 JavaThread "C1 CompilerThread3"         daemon [_thread_blocked, id=37960, stack(0x00000056c5700000,0x00000056c5800000) (1024K)]
  0x000001d55d8b4020 JavaThread "Notification Thread"        daemon [_thread_blocked, id=23700, stack(0x00000056c5800000,0x00000056c5900000) (1024K)]
  0x000001d563a3ae80 JavaThread "Active Thread: Equinox Container: 0cbdb06d-c14f-45a5-ae00-07a6deb96a19"        [_thread_blocked, id=36700, stack(0x00000056c6400000,0x00000056c6500000) (1024K)]
  0x000001d563a38720 JavaThread "Refresh Thread: Equinox Container: 0cbdb06d-c14f-45a5-ae00-07a6deb96a19" daemon [_thread_blocked, id=17704, stack(0x00000056c6500000,0x00000056c6600000) (1024K)]
  0x000001d563a3a7f0 JavaThread "Framework Event Dispatcher: Equinox Container: 0cbdb06d-c14f-45a5-ae00-07a6deb96a19" daemon [_thread_blocked, id=39112, stack(0x00000056c6600000,0x00000056c6700000) (1024K)]
  0x000001d563a38db0 JavaThread "Start Level: Equinox Container: 0cbdb06d-c14f-45a5-ae00-07a6deb96a19" daemon [_thread_blocked, id=38356, stack(0x00000056c6700000,0x00000056c6800000) (1024K)]
  0x000001d563a37a00 JavaThread "Bundle File Closer"         daemon [_thread_blocked, id=7212, stack(0x00000056c6b00000,0x00000056c6c00000) (1024K)]
  0x000001d563a39ad0 JavaThread "SCR Component Actor"        daemon [_thread_blocked, id=38896, stack(0x00000056c5a00000,0x00000056c5b00000) (1024K)]
  0x000001d563a38090 JavaThread "Worker-JM"                         [_thread_blocked, id=47680, stack(0x00000056c6c00000,0x00000056c6d00000) (1024K)]
  0x000001d5648842d0 JavaThread "JNA Cleaner"                daemon [_thread_blocked, id=13920, stack(0x00000056c7200000,0x00000056c7300000) (1024K)]
  0x000001d564887750 JavaThread "Worker-0"                          [_thread_blocked, id=25244, stack(0x00000056c7300000,0x00000056c7400000) (1024K)]
  0x000001d564883c40 JavaThread "Worker-1: Java indexing... "        [_thread_blocked, id=6136, stack(0x00000056c7400000,0x00000056c7500000) (1024K)]
  0x000001d5647a37e0 JavaThread "C2 CompilerThread2"         daemon [_thread_in_native, id=3548, stack(0x00000056c5900000,0x00000056c5a00000) (1024K)]
  0x000001d5645c03b0 JavaThread "C2 CompilerThread3"         daemon [_thread_blocked, id=16616, stack(0x00000056c6f00000,0x00000056c7000000) (1024K)]
  0x000001d5648863a0 JavaThread "Java indexing"              daemon [_thread_blocked, id=19412, stack(0x00000056c7000000,0x00000056c7100000) (1024K)]
  0x000001d564884ff0 JavaThread "Worker-2"                          [_thread_blocked, id=8132, stack(0x00000056c7700000,0x00000056c7800000) (1024K)]
  0x000001d564885d10 JavaThread "Worker-3"                          [_thread_blocked, id=21068, stack(0x00000056c7c00000,0x00000056c7d00000) (1024K)]
  0x000001d564882890 JavaThread "Thread-2"                   daemon [_thread_in_native, id=44388, stack(0x00000056c7d00000,0x00000056c7e00000) (1024K)]
  0x000001d564882f20 JavaThread "Thread-3"                   daemon [_thread_in_native, id=38472, stack(0x00000056c7e00000,0x00000056c7f00000) (1024K)]
  0x000001d564886a30 JavaThread "Thread-4"                   daemon [_thread_in_native, id=20440, stack(0x00000056c7f00000,0x00000056c8000000) (1024K)]
  0x000001d564882200 JavaThread "Thread-5"                   daemon [_thread_in_native, id=25584, stack(0x00000056c8000000,0x00000056c8100000) (1024K)]
  0x000001d564888b00 JavaThread "Thread-6"                   daemon [_thread_in_native, id=27144, stack(0x00000056c8100000,0x00000056c8200000) (1024K)]
  0x000001d564888470 JavaThread "Thread-7"                   daemon [_thread_in_native, id=45268, stack(0x00000056c8200000,0x00000056c8300000) (1024K)]
  0x000001d564887de0 JavaThread "Thread-8"                   daemon [_thread_in_native, id=15372, stack(0x00000056c8300000,0x00000056c8400000) (1024K)]
  0x000001d564881b70 JavaThread "Thread-9"                   daemon [_thread_in_native, id=46224, stack(0x00000056c8400000,0x00000056c8500000) (1024K)]
  0x000001d564889190 JavaThread "Thread-10"                  daemon [_thread_in_native, id=49396, stack(0x00000056c8500000,0x00000056c8600000) (1024K)]
  0x000001d5648835b0 JavaThread "Thread-11"                  daemon [_thread_in_native, id=50104, stack(0x00000056c8600000,0x00000056c8700000) (1024K)]
  0x000001d5651043d0 JavaThread "Thread-12"                  daemon [_thread_in_native, id=24176, stack(0x00000056c8700000,0x00000056c8800000) (1024K)]
  0x000001d565105e10 JavaThread "Thread-13"                  daemon [_thread_in_native, id=46288, stack(0x00000056c8800000,0x00000056c8900000) (1024K)]
  0x000001d5651036b0 JavaThread "Thread-14"                  daemon [_thread_in_native, id=7244, stack(0x00000056c8900000,0x00000056c8a00000) (1024K)]
  0x000001d5650ffba0 JavaThread "Thread-15"                  daemon [_thread_in_native, id=6800, stack(0x00000056c8a00000,0x00000056c8b00000) (1024K)]
  0x000001d5651015e0 JavaThread "Thread-16"                  daemon [_thread_in_native, id=48172, stack(0x00000056c8b00000,0x00000056c8c00000) (1024K)]
  0x000001d5651064a0 JavaThread "Thread-17"                  daemon [_thread_in_native, id=11844, stack(0x00000056c8c00000,0x00000056c8d00000) (1024K)]
  0x000001d5650ff510 JavaThread "Thread-18"                  daemon [_thread_in_native, id=19584, stack(0x00000056c8d00000,0x00000056c8e00000) (1024K)]
  0x000001d5651008c0 JavaThread "Thread-19"                  daemon [_thread_in_native, id=16504, stack(0x00000056c8e00000,0x00000056c8f00000) (1024K)]
  0x000001d565106b30 JavaThread "Thread-20"                  daemon [_thread_in_native, id=25124, stack(0x00000056c8f00000,0x00000056c9000000) (1024K)]
  0x000001d565103020 JavaThread "Thread-21"                  daemon [_thread_in_native, id=48960, stack(0x00000056c9000000,0x00000056c9100000) (1024K)]
  0x000001d565104a60 JavaThread "Thread-22"                  daemon [_thread_in_native, id=29424, stack(0x00000056c9100000,0x00000056c9200000) (1024K)]
  0x000001d565100f50 JavaThread "pool-2-thread-1"                   [_thread_blocked, id=49496, stack(0x00000056c9200000,0x00000056c9300000) (1024K)]
  0x000001d5651050f0 JavaThread "Worker-4"                          [_thread_blocked, id=20268, stack(0x00000056c9300000,0x00000056c9400000) (1024K)]
  0x000001d565100230 JavaThread "Worker-5"                          [_thread_blocked, id=37660, stack(0x00000056c9500000,0x00000056c9600000) (1024K)]
  0x000001d565102300 
[error occurred during error reporting (printing all threads), id 0xc0000005, EXCEPTION_ACCESS_VIOLATION (0xc0000005) at pc=0x00007ffbebcd1162]
VM state: at safepoint (normal execution)

VM Mutex/Monitor currently owned by a thread:  ([mutex/lock_event])
[0x00007ffbec59e308] Threads_lock - owner thread: 0x000001d55b4383e0
[0x00007ffbec59e408] Heap_lock - owner thread: 0x000001d567c33fb0

Heap address: 0x00000000c0000000, size: 1024 MB, Compressed Oops mode: 32-bit

CDS archive(s) mapped at: [0x000001d51a000000-0x000001d51aba0000-0x000001d51aba0000), size 12189696, SharedBaseAddress: 0x000001d51a000000, ArchiveRelocationMode: 1.
Compressed class space mapped at: 0x000001d51b000000-0x000001d55b000000, reserved size: 1073741824
Narrow klass base: 0x000001d51a000000, Narrow klass shift: 0, Narrow klass range: 0x100000000

GC Precious Log:
 CardTable entry size: 512
 CPUs: 20 total, 20 available
 Memory: 32452M
 Large Page Support: Disabled
 NUMA Support: Disabled
 Compressed Oops: Enabled (32-bit)
 Alignments: Space 512K, Generation 512K, Heap 2M
 Heap Min Capacity: 100M
 Heap Initial Capacity: 100M
 Heap Max Capacity: 1G
 Pre-touch: Disabled
 Parallel Workers: 15

Heap:
 PSYoungGen      total 4096K, used 4064K [0x00000000eab00000, 0x00000000eb080000, 0x0000000100000000)
  eden space 3072K, 100% used [0x00000000eab00000,0x00000000eae00000,0x00000000eae00000)
  from space 1024K, 96% used [0x00000000eae80000,0x00000000eaf78288,0x00000000eaf80000)
  to   space 1024K, 98% used [0x00000000eaf80000,0x00000000eb07b588,0x00000000eb080000)
 ParOldGen       total 461312K, used 460829K [0x00000000c0000000, 0x00000000dc280000, 0x00000000eab00000)
  object space 461312K, 99% used [0x00000000c0000000,0x00000000dc207648,0x00000000dc280000)
 Metaspace       used 64313K, committed 65664K, reserved 1114112K
  class space    used 6503K, committed 7104K, reserved 1048576K

Card table byte_map: [0x000001d5048a0000,0x000001d504ab0000] _byte_map_base: 0x000001d5042a0000

Marking Bits: (ParMarkBitMap*) 0x00007ffbec5a31f0
 Begin Bits: [0x000001d516f20000, 0x000001d517f20000)
 End Bits:   [0x000001d517f20000, 0x000001d518f20000)

Polling page: 0x000001d5025d0000

Metaspace:

Usage:
  Non-class:     56.45 MB used.
      Class:      6.35 MB used.
       Both:     62.81 MB used.

Virtual space:
  Non-class space:       64.00 MB reserved,      57.19 MB ( 89%) committed,  1 nodes.
      Class space:        1.00 GB reserved,       6.94 MB ( <1%) committed,  1 nodes.
             Both:        1.06 GB reserved,      64.12 MB (  6%) committed. 

Chunk freelists:
   Non-Class:  6.61 MB
       Class:  8.98 MB
        Both:  15.59 MB

MaxMetaspaceSize: unlimited
CompressedClassSpaceSize: 1.00 GB
Initial GC threshold: 21.00 MB
Current GC threshold: 97.31 MB
CDS: on
 - commit_granule_bytes: 65536.
 - commit_granule_words: 8192.
 - virtual_space_node_default_size: 8388608.
 - enlarge_chunks_in_place: 1.
 - use_allocation_guard: 0.


Internal statistics:

num_allocs_failed_limit: 9.
num_arena_births: 1066.
num_arena_deaths: 26.
num_vsnodes_births: 2.
num_vsnodes_deaths: 0.
num_space_committed: 1026.
num_space_uncommitted: 0.
num_chunks_returned_to_freelist: 39.
num_chunks_taken_from_freelist: 3766.
num_chunk_merges: 13.
num_chunk_splits: 2375.
num_chunks_enlarged: 1427.
num_inconsistent_stats: 0.

CodeHeap 'non-profiled nmethods': size=119168Kb used=8737Kb max_used=10506Kb free=110430Kb
 bounds [0x000001d50fac0000, 0x000001d510510000, 0x000001d516f20000]
CodeHeap 'profiled nmethods': size=119104Kb used=24042Kb max_used=28522Kb free=95061Kb
 bounds [0x000001d507f20000, 0x000001d509b00000, 0x000001d50f370000]
CodeHeap 'non-nmethods': size=7488Kb used=3156Kb max_used=3276Kb free=4331Kb
 bounds [0x000001d50f370000, 0x000001d50f6b0000, 0x000001d50fac0000]
 total_blobs=11339 nmethods=10564 adapters=676
 compilation: enabled
              stopped_count=0, restarted_count=0
 full_count=0

Compilation events (20 events):
Event: 13.610 Thread 0x000001d55b451650 12901       2       org.eclipse.jdt.internal.compiler.ast.BinaryExpression::optimizedBooleanConstant (224 bytes)
Event: 13.610 Thread 0x000001d55b6dbbc0 nmethod 12899 0x000001d509aef790 code [0x000001d509aefa00, 0x000001d509af0520]
Event: 13.611 Thread 0x000001d55b451650 nmethod 12901 0x000001d509af0e90 code [0x000001d509af1100, 0x000001d509af1720]
Event: 13.611 Thread 0x000001d504d9c700 12902       2       org.eclipse.jdt.internal.compiler.lookup.MethodBinding::canBeSeenBy (534 bytes)
Event: 13.611 Thread 0x000001d55b56b440 12903       2       org.eclipse.jdt.internal.compiler.lookup.MethodBinding::findOriginalInheritedMethod (104 bytes)
Event: 13.611 Thread 0x000001d55b451650 12904       2       org.eclipse.jdt.internal.compiler.ast.LambdaExpression$LocalTypeSubstitutor::substitute (79 bytes)
Event: 13.611 Thread 0x000001d55b6dbbc0 12905       2       org.eclipse.jdt.internal.compiler.lookup.ReferenceBinding::shortReadableName (165 bytes)
Event: 13.612 Thread 0x000001d55b56b440 nmethod 12903 0x000001d509af1910 code [0x000001d509af1b20, 0x000001d509af1f10]
Event: 13.612 Thread 0x000001d55b56b440 12906       2       org.eclipse.jdt.internal.compiler.problem.ProblemReporter::unresolvableReference (189 bytes)
Event: 13.612 Thread 0x000001d55b451650 nmethod 12904 0x000001d509af2190 code [0x000001d509af23a0, 0x000001d509af27a0]
Event: 13.613 Thread 0x000001d55b6dbbc0 nmethod 12905 0x000001d509af2a10 code [0x000001d509af2c80, 0x000001d509af32a0]
Event: 13.613 Thread 0x000001d55b451650 12907       2       org.eclipse.jdt.internal.compiler.lookup.Scope::isUnnecessarySamePackageImport (36 bytes)
Event: 13.614 Thread 0x000001d55b56b440 nmethod 12906 0x000001d509af3610 code [0x000001d509af3840, 0x000001d509af3ec8]
Event: 13.614 Thread 0x000001d55b6dbbc0 12908       2       org.eclipse.jdt.internal.compiler.lookup.Scope::findDefaultAbstractMethod (349 bytes)
Event: 13.614 Thread 0x000001d55b451650 nmethod 12907 0x000001d509af4290 code [0x000001d509af4460, 0x000001d509af46e8]
Event: 13.614 Thread 0x000001d504d9c700 nmethod 12902 0x000001d509af4810 code [0x000001d509af4c60, 0x000001d509af5ed0]
Event: 13.614 Thread 0x000001d55b451650 12909       2       org.eclipse.jdt.internal.compiler.CompilationResult::quickPrioritize (124 bytes)
Event: 13.614 Thread 0x000001d55b56b440 12911       2       org.eclipse.jdt.internal.compiler.codegen.CodeStream::invoke (27 bytes)
Event: 13.615 Thread 0x000001d55b56b440 nmethod 12911 0x000001d509af6810 code [0x000001d509af69c0, 0x000001d509af6b58]
Event: 13.615 Thread 0x000001d55b451650 nmethod 12909 0x000001d509af6c10 code [0x000001d509af6e20, 0x000001d509af7410]

GC Heap History (20 events):
Event: 13.544 GC heap after
{Heap after GC invocations=572 (full 3):
 PSYoungGen      total 3584K, used 895K [0x00000000eab00000, 0x00000000eb000000, 0x0000000100000000)
  eden space 2560K, 0% used [0x00000000eab00000,0x00000000eab00000,0x00000000ead80000)
  from space 1024K, 87% used [0x00000000ead80000,0x00000000eae5ff60,0x00000000eae80000)
  to   space 1024K, 0% used [0x00000000eaf00000,0x00000000eaf00000,0x00000000eb000000)
 ParOldGen       total 452608K, used 452587K [0x00000000c0000000, 0x00000000dba00000, 0x00000000eab00000)
  object space 452608K, 99% used [0x00000000c0000000,0x00000000db9fafe8,0x00000000dba00000)
 Metaspace       used 64093K, committed 65408K, reserved 1114112K
  class space    used 6500K, committed 7040K, reserved 1048576K
}
Event: 13.551 GC heap before
{Heap before GC invocations=573 (full 3):
 PSYoungGen      total 3584K, used 3455K [0x00000000eab00000, 0x00000000eb000000, 0x0000000100000000)
  eden space 2560K, 100% used [0x00000000eab00000,0x00000000ead80000,0x00000000ead80000)
  from space 1024K, 87% used [0x00000000ead80000,0x00000000eae5ff60,0x00000000eae80000)
  to   space 1024K, 0% used [0x00000000eaf00000,0x00000000eaf00000,0x00000000eb000000)
 ParOldGen       total 452608K, used 452587K [0x00000000c0000000, 0x00000000dba00000, 0x00000000eab00000)
  object space 452608K, 99% used [0x00000000c0000000,0x00000000db9fafe8,0x00000000dba00000)
 Metaspace       used 64112K, committed 65472K, reserved 1114112K
  class space    used 6501K, committed 7104K, reserved 1048576K
}
Event: 13.552 GC heap after
{Heap after GC invocations=573 (full 3):
 PSYoungGen      total 4096K, used 819K [0x00000000eab00000, 0x00000000eb000000, 0x0000000100000000)
  eden space 3072K, 0% used [0x00000000eab00000,0x00000000eab00000,0x00000000eae00000)
  from space 1024K, 80% used [0x00000000eaf00000,0x00000000eafccfd8,0x00000000eb000000)
  to   space 1024K, 0% used [0x00000000eae00000,0x00000000eae00000,0x00000000eaf00000)
 ParOldGen       total 453632K, used 453282K [0x00000000c0000000, 0x00000000dbb00000, 0x00000000eab00000)
  object space 453632K, 99% used [0x00000000c0000000,0x00000000dbaa8808,0x00000000dbb00000)
 Metaspace       used 64112K, committed 65472K, reserved 1114112K
  class space    used 6501K, committed 7104K, reserved 1048576K
}
Event: 13.559 GC heap before
{Heap before GC invocations=574 (full 3):
 PSYoungGen      total 4096K, used 3891K [0x00000000eab00000, 0x00000000eb000000, 0x0000000100000000)
  eden space 3072K, 100% used [0x00000000eab00000,0x00000000eae00000,0x00000000eae00000)
  from space 1024K, 80% used [0x00000000eaf00000,0x00000000eafccfd8,0x00000000eb000000)
  to   space 1024K, 0% used [0x00000000eae00000,0x00000000eae00000,0x00000000eaf00000)
 ParOldGen       total 453632K, used 453282K [0x00000000c0000000, 0x00000000dbb00000, 0x00000000eab00000)
  object space 453632K, 99% used [0x00000000c0000000,0x00000000dbaa8808,0x00000000dbb00000)
 Metaspace       used 64136K, committed 65472K, reserved 1114112K
  class space    used 6502K, committed 7104K, reserved 1048576K
}
Event: 13.560 GC heap after
{Heap after GC invocations=574 (full 3):
 PSYoungGen      total 4096K, used 864K [0x00000000eab00000, 0x00000000eb000000, 0x0000000100000000)
  eden space 3072K, 0% used [0x00000000eab00000,0x00000000eab00000,0x00000000eae00000)
  from space 1024K, 84% used [0x00000000eae00000,0x00000000eaed83e8,0x00000000eaf00000)
  to   space 1024K, 0% used [0x00000000eaf00000,0x00000000eaf00000,0x00000000eb000000)
 ParOldGen       total 454144K, used 453912K [0x00000000c0000000, 0x00000000dbb80000, 0x00000000eab00000)
  object space 454144K, 99% used [0x00000000c0000000,0x00000000dbb46358,0x00000000dbb80000)
 Metaspace       used 64136K, committed 65472K, reserved 1114112K
  class space    used 6502K, committed 7104K, reserved 1048576K
}
Event: 13.566 GC heap before
{Heap before GC invocations=575 (full 3):
 PSYoungGen      total 4096K, used 3936K [0x00000000eab00000, 0x00000000eb000000, 0x0000000100000000)
  eden space 3072K, 100% used [0x00000000eab00000,0x00000000eae00000,0x00000000eae00000)
  from space 1024K, 84% used [0x00000000eae00000,0x00000000eaed83e8,0x00000000eaf00000)
  to   space 1024K, 0% used [0x00000000eaf00000,0x00000000eaf00000,0x00000000eb000000)
 ParOldGen       total 454144K, used 453912K [0x00000000c0000000, 0x00000000dbb80000, 0x00000000eab00000)
  object space 454144K, 99% used [0x00000000c0000000,0x00000000dbb46358,0x00000000dbb80000)
 Metaspace       used 64146K, committed 65472K, reserved 1114112K
  class space    used 6502K, committed 7104K, reserved 1048576K
}
Event: 13.567 GC heap after
{Heap after GC invocations=575 (full 3):
 PSYoungGen      total 4096K, used 925K [0x00000000eab00000, 0x00000000eb000000, 0x0000000100000000)
  eden space 3072K, 0% used [0x00000000eab00000,0x00000000eab00000,0x00000000eae00000)
  from space 1024K, 90% used [0x00000000eaf00000,0x00000000eafe7688,0x00000000eb000000)
  to   space 1024K, 0% used [0x00000000eae00000,0x00000000eae00000,0x00000000eaf00000)
 ParOldGen       total 454656K, used 454647K [0x00000000c0000000, 0x00000000dbc00000, 0x00000000eab00000)
  object space 454656K, 99% used [0x00000000c0000000,0x00000000dbbfdcf0,0x00000000dbc00000)
 Metaspace       used 64146K, committed 65472K, reserved 1114112K
  class space    used 6502K, committed 7104K, reserved 1048576K
}
Event: 13.572 GC heap before
{Heap before GC invocations=576 (full 3):
 PSYoungGen      total 4096K, used 3997K [0x00000000eab00000, 0x00000000eb000000, 0x0000000100000000)
  eden space 3072K, 99% used [0x00000000eab00000,0x00000000eadffff0,0x00000000eae00000)
  from space 1024K, 90% used [0x00000000eaf00000,0x00000000eafe7688,0x00000000eb000000)
  to   space 1024K, 0% used [0x00000000eae00000,0x00000000eae00000,0x00000000eaf00000)
 ParOldGen       total 454656K, used 454647K [0x00000000c0000000, 0x00000000dbc00000, 0x00000000eab00000)
  object space 454656K, 99% used [0x00000000c0000000,0x00000000dbbfdcf0,0x00000000dbc00000)
 Metaspace       used 64158K, committed 65472K, reserved 1114112K
  class space    used 6502K, committed 7104K, reserved 1048576K
}
Event: 13.573 GC heap after
{Heap after GC invocations=576 (full 3):
 PSYoungGen      total 4096K, used 979K [0x00000000eab00000, 0x00000000eb000000, 0x0000000100000000)
  eden space 3072K, 0% used [0x00000000eab00000,0x00000000eab00000,0x00000000eae00000)
  from space 1024K, 95% used [0x00000000eae00000,0x00000000eaef4e00,0x00000000eaf00000)
  to   space 1024K, 0% used [0x00000000eaf00000,0x00000000eaf00000,0x00000000eb000000)
 ParOldGen       total 455680K, used 455369K [0x00000000c0000000, 0x00000000dbd00000, 0x00000000eab00000)
  object space 455680K, 99% used [0x00000000c0000000,0x00000000dbcb25f8,0x00000000dbd00000)
 Metaspace       used 64158K, committed 65472K, reserved 1114112K
  class space    used 6502K, committed 7104K, reserved 1048576K
}
Event: 13.579 GC heap before
{Heap before GC invocations=577 (full 3):
 PSYoungGen      total 4096K, used 4051K [0x00000000eab00000, 0x00000000eb000000, 0x0000000100000000)
  eden space 3072K, 100% used [0x00000000eab00000,0x00000000eae00000,0x00000000eae00000)
  from space 1024K, 95% used [0x00000000eae00000,0x00000000eaef4e00,0x00000000eaf00000)
  to   space 1024K, 0% used [0x00000000eaf00000,0x00000000eaf00000,0x00000000eb000000)
 ParOldGen       total 455680K, used 455369K [0x00000000c0000000, 0x00000000dbd00000, 0x00000000eab00000)
  object space 455680K, 99% used [0x00000000c0000000,0x00000000dbcb25f8,0x00000000dbd00000)
 Metaspace       used 64190K, committed 65536K, reserved 1114112K
  class space    used 6502K, committed 7104K, reserved 1048576K
}
Event: 13.580 GC heap after
{Heap after GC invocations=577 (full 3):
 PSYoungGen      total 4096K, used 979K [0x00000000eab00000, 0x00000000eb000000, 0x0000000100000000)
  eden space 3072K, 0% used [0x00000000eab00000,0x00000000eab00000,0x00000000eae00000)
  from space 1024K, 95% used [0x00000000eaf00000,0x00000000eaff4e98,0x00000000eb000000)
  to   space 1024K, 0% used [0x00000000eae00000,0x00000000eae00000,0x00000000eaf00000)
 ParOldGen       total 456192K, used 456179K [0x00000000c0000000, 0x00000000dbd80000, 0x00000000eab00000)
  object space 456192K, 99% used [0x00000000c0000000,0x00000000dbd7cfc8,0x00000000dbd80000)
 Metaspace       used 64190K, committed 65536K, reserved 1114112K
  class space    used 6502K, committed 7104K, reserved 1048576K
}
Event: 13.586 GC heap before
{Heap before GC invocations=578 (full 3):
 PSYoungGen      total 4096K, used 4051K [0x00000000eab00000, 0x00000000eb000000, 0x0000000100000000)
  eden space 3072K, 100% used [0x00000000eab00000,0x00000000eae00000,0x00000000eae00000)
  from space 1024K, 95% used [0x00000000eaf00000,0x00000000eaff4e98,0x00000000eb000000)
  to   space 1024K, 0% used [0x00000000eae00000,0x00000000eae00000,0x00000000eaf00000)
 ParOldGen       total 456192K, used 456179K [0x00000000c0000000, 0x00000000dbd80000, 0x00000000eab00000)
  object space 456192K, 99% used [0x00000000c0000000,0x00000000dbd7cfc8,0x00000000dbd80000)
 Metaspace       used 64228K, committed 65536K, reserved 1114112K
  class space    used 6502K, committed 7104K, reserved 1048576K
}
Event: 13.587 GC heap after
{Heap after GC invocations=578 (full 3):
 PSYoungGen      total 4096K, used 1004K [0x00000000eab00000, 0x00000000eb200000, 0x0000000100000000)
  eden space 3072K, 0% used [0x00000000eab00000,0x00000000eab00000,0x00000000eae00000)
  from space 1024K, 98% used [0x00000000eae00000,0x00000000eaefb3c8,0x00000000eaf00000)
  to   space 2048K, 0% used [0x00000000eb000000,0x00000000eb000000,0x00000000eb200000)
 ParOldGen       total 457216K, used 456988K [0x00000000c0000000, 0x00000000dbe80000, 0x00000000eab00000)
  object space 457216K, 99% used [0x00000000c0000000,0x00000000dbe47130,0x00000000dbe80000)
 Metaspace       used 64228K, committed 65536K, reserved 1114112K
  class space    used 6502K, committed 7104K, reserved 1048576K
}
Event: 13.593 GC heap before
{Heap before GC invocations=579 (full 3):
 PSYoungGen      total 4096K, used 4076K [0x00000000eab00000, 0x00000000eb200000, 0x0000000100000000)
  eden space 3072K, 100% used [0x00000000eab00000,0x00000000eae00000,0x00000000eae00000)
  from space 1024K, 98% used [0x00000000eae00000,0x00000000eaefb3c8,0x00000000eaf00000)
  to   space 2048K, 0% used [0x00000000eb000000,0x00000000eb000000,0x00000000eb200000)
 ParOldGen       total 457216K, used 456988K [0x00000000c0000000, 0x00000000dbe80000, 0x00000000eab00000)
  object space 457216K, 99% used [0x00000000c0000000,0x00000000dbe47130,0x00000000dbe80000)
 Metaspace       used 64242K, committed 65600K, reserved 1114112K
  class space    used 6503K, committed 7104K, reserved 1048576K
}
Event: 13.594 GC heap after
{Heap after GC invocations=579 (full 3):
 PSYoungGen      total 4096K, used 972K [0x00000000eab00000, 0x00000000eb100000, 0x0000000100000000)
  eden space 3072K, 0% used [0x00000000eab00000,0x00000000eab00000,0x00000000eae00000)
  from space 1024K, 94% used [0x00000000eb000000,0x00000000eb0f3118,0x00000000eb100000)
  to   space 1536K, 0% used [0x00000000eae00000,0x00000000eae00000,0x00000000eaf80000)
 ParOldGen       total 458240K, used 457825K [0x00000000c0000000, 0x00000000dbf80000, 0x00000000eab00000)
  object space 458240K, 99% used [0x00000000c0000000,0x00000000dbf185c8,0x00000000dbf80000)
 Metaspace       used 64242K, committed 65600K, reserved 1114112K
  class space    used 6503K, committed 7104K, reserved 1048576K
}
Event: 13.600 GC heap before
{Heap before GC invocations=580 (full 3):
 PSYoungGen      total 4096K, used 4043K [0x00000000eab00000, 0x00000000eb100000, 0x0000000100000000)
  eden space 3072K, 99% used [0x00000000eab00000,0x00000000eadffc70,0x00000000eae00000)
  from space 1024K, 94% used [0x00000000eb000000,0x00000000eb0f3118,0x00000000eb100000)
  to   space 1536K, 0% used [0x00000000eae00000,0x00000000eae00000,0x00000000eaf80000)
 ParOldGen       total 458240K, used 457825K [0x00000000c0000000, 0x00000000dbf80000, 0x00000000eab00000)
  object space 458240K, 99% used [0x00000000c0000000,0x00000000dbf185c8,0x00000000dbf80000)
 Metaspace       used 64252K, committed 65600K, reserved 1114112K
  class space    used 6503K, committed 7104K, reserved 1048576K
}
Event: 13.601 GC heap after
{Heap after GC invocations=580 (full 3):
 PSYoungGen      total 4608K, used 992K [0x00000000eab00000, 0x00000000eb100000, 0x0000000100000000)
  eden space 3072K, 0% used [0x00000000eab00000,0x00000000eab00000,0x00000000eae00000)
  from space 1536K, 64% used [0x00000000eae00000,0x00000000eaef8000,0x00000000eaf80000)
  to   space 1536K, 0% used [0x00000000eaf80000,0x00000000eaf80000,0x00000000eb100000)
 ParOldGen       total 458752K, used 458636K [0x00000000c0000000, 0x00000000dc000000, 0x00000000eab00000)
  object space 458752K, 99% used [0x00000000c0000000,0x00000000dbfe31f0,0x00000000dc000000)
 Metaspace       used 64252K, committed 65600K, reserved 1114112K
  class space    used 6503K, committed 7104K, reserved 1048576K
}
Event: 13.608 GC heap before
{Heap before GC invocations=581 (full 3):
 PSYoungGen      total 4608K, used 4064K [0x00000000eab00000, 0x00000000eb100000, 0x0000000100000000)
  eden space 3072K, 100% used [0x00000000eab00000,0x00000000eae00000,0x00000000eae00000)
  from space 1536K, 64% used [0x00000000eae00000,0x00000000eaef8000,0x00000000eaf80000)
  to   space 1536K, 0% used [0x00000000eaf80000,0x00000000eaf80000,0x00000000eb100000)
 ParOldGen       total 458752K, used 458636K [0x00000000c0000000, 0x00000000dc000000, 0x00000000eab00000)
  object space 458752K, 99% used [0x00000000c0000000,0x00000000dbfe31f0,0x00000000dc000000)
 Metaspace       used 64283K, committed 65600K, reserved 1114112K
  class space    used 6503K, committed 7104K, reserved 1048576K
}
Event: 13.609 GC heap after
{Heap after GC invocations=581 (full 3):
 PSYoungGen      total 4096K, used 901K [0x00000000eab00000, 0x00000000eb080000, 0x0000000100000000)
  eden space 3072K, 0% used [0x00000000eab00000,0x00000000eab00000,0x00000000eae00000)
  from space 1024K, 88% used [0x00000000eaf80000,0x00000000eb061760,0x00000000eb080000)
  to   space 1024K, 0% used [0x00000000eae80000,0x00000000eae80000,0x00000000eaf80000)
 ParOldGen       total 459776K, used 459382K [0x00000000c0000000, 0x00000000dc100000, 0x00000000eab00000)
  object space 459776K, 99% used [0x00000000c0000000,0x00000000dc09da90,0x00000000dc100000)
 Metaspace       used 64283K, committed 65600K, reserved 1114112K
  class space    used 6503K, committed 7104K, reserved 1048576K
}
Event: 13.616 GC heap before
{Heap before GC invocations=582 (full 3):
 PSYoungGen      total 4096K, used 3973K [0x00000000eab00000, 0x00000000eb080000, 0x0000000100000000)
  eden space 3072K, 100% used [0x00000000eab00000,0x00000000eae00000,0x00000000eae00000)
  from space 1024K, 88% used [0x00000000eaf80000,0x00000000eb061760,0x00000000eb080000)
  to   space 1024K, 0% used [0x00000000eae80000,0x00000000eae80000,0x00000000eaf80000)
 ParOldGen       total 459776K, used 459382K [0x00000000c0000000, 0x00000000dc100000, 0x00000000eab00000)
  object space 459776K, 99% used [0x00000000c0000000,0x00000000dc09da90,0x00000000dc100000)
 Metaspace       used 64301K, committed 65664K, reserved 1114112K
  class space    used 6503K, committed 7104K, reserved 1048576K
}

Dll operation events (12 events):
Event: 0.010 Loaded shared library c:\Users\6075569\.cursor\extensions\redhat.java-1.42.0-win32-x64\jre\21.0.7-win32-x86_64\bin\java.dll
Event: 0.024 Loaded shared library c:\Users\6075569\.cursor\extensions\redhat.java-1.42.0-win32-x64\jre\21.0.7-win32-x86_64\bin\zip.dll
Event: 0.089 Loaded shared library C:\Users\6075569\.cursor\extensions\redhat.java-1.42.0-win32-x64\jre\21.0.7-win32-x86_64\bin\instrument.dll
Event: 0.094 Loaded shared library C:\Users\6075569\.cursor\extensions\redhat.java-1.42.0-win32-x64\jre\21.0.7-win32-x86_64\bin\net.dll
Event: 0.095 Loaded shared library C:\Users\6075569\.cursor\extensions\redhat.java-1.42.0-win32-x64\jre\21.0.7-win32-x86_64\bin\nio.dll
Event: 0.099 Loaded shared library C:\Users\6075569\.cursor\extensions\redhat.java-1.42.0-win32-x64\jre\21.0.7-win32-x86_64\bin\zip.dll
Event: 0.114 Loaded shared library C:\Users\6075569\.cursor\extensions\redhat.java-1.42.0-win32-x64\jre\21.0.7-win32-x86_64\bin\jimage.dll
Event: 0.165 Loaded shared library c:\Users\6075569\.cursor\extensions\redhat.java-1.42.0-win32-x64\jre\21.0.7-win32-x86_64\bin\verify.dll
Event: 1.105 Loaded shared library C:\Users\6075569\AppData\Roaming\Cursor\User\globalStorage\redhat.java\1.42.0\config_win\org.eclipse.equinox.launcher\org.eclipse.equinox.launcher.win32.win32.x86_64_1.2.1300.v20250331-1702\eclipse_11911.dll
Event: 2.597 Loaded shared library C:\Users\6075569\AppData\Local\Temp\jna-2107183008\jna15452665480571764330.dll
Event: 4.106 Loaded shared library C:\Users\6075569\.cursor\extensions\redhat.java-1.42.0-win32-x64\jre\21.0.7-win32-x86_64\bin\sunmscapi.dll
Event: 4.405 Loaded shared library C:\Users\6075569\.cursor\extensions\redhat.java-1.42.0-win32-x64\jre\21.0.7-win32-x86_64\bin\extnet.dll

Deoptimization events (20 events):
Event: 13.406 Thread 0x000001d567c33fb0 DEOPT PACKING pc=0x000001d5104f237c sp=0x00000056cbcfdb40
Event: 13.406 Thread 0x000001d567c33fb0 DEOPT UNPACKING pc=0x000001d50f3c3aa2 sp=0x00000056cbcfdab0 mode 2
Event: 13.414 Thread 0x000001d567c33fb0 DEOPT PACKING pc=0x000001d50986b0f6 sp=0x00000056cbcfe650
Event: 13.414 Thread 0x000001d567c33fb0 DEOPT UNPACKING pc=0x000001d50f3c4242 sp=0x00000056cbcfdc50 mode 0
Event: 13.441 Thread 0x000001d567c33fb0 Uncommon trap: trap_request=0xffffff45 fr.pc=0x000001d51042c088 relative=0x0000000000001068
Event: 13.441 Thread 0x000001d567c33fb0 Uncommon trap: reason=unstable_if action=reinterpret pc=0x000001d51042c088 method=org.eclipse.core.internal.watson.ElementTree.getElementData(Lorg/eclipse/core/runtime/IPath;)Ljava/lang/Object; @ 21 c2
Event: 13.441 Thread 0x000001d567c33fb0 DEOPT PACKING pc=0x000001d51042c088 sp=0x00000056cbcfe150
Event: 13.441 Thread 0x000001d567c33fb0 DEOPT UNPACKING pc=0x000001d50f3c3aa2 sp=0x00000056cbcfe0e0 mode 2
Event: 13.474 Thread 0x000001d567c33fb0 DEOPT PACKING pc=0x000001d509886a33 sp=0x00000056cbcfe8e0
Event: 13.474 Thread 0x000001d567c33fb0 DEOPT UNPACKING pc=0x000001d50f3c4242 sp=0x00000056cbcfde70 mode 0
Event: 13.531 Thread 0x000001d567c33fb0 DEOPT PACKING pc=0x000001d509886966 sp=0x00000056cbcfe8e0
Event: 13.531 Thread 0x000001d567c33fb0 DEOPT UNPACKING pc=0x000001d50f3c4242 sp=0x00000056cbcfde68 mode 0
Event: 13.537 Thread 0x000001d567c33fb0 DEOPT PACKING pc=0x000001d509886a33 sp=0x00000056cbcfe8e0
Event: 13.537 Thread 0x000001d567c33fb0 DEOPT UNPACKING pc=0x000001d50f3c4242 sp=0x00000056cbcfde70 mode 0
Event: 13.582 Thread 0x000001d567c33fb0 DEOPT PACKING pc=0x000001d509886966 sp=0x00000056cbcfe8e0
Event: 13.582 Thread 0x000001d567c33fb0 DEOPT UNPACKING pc=0x000001d50f3c4242 sp=0x00000056cbcfde68 mode 0
Event: 13.585 Thread 0x000001d567c33fb0 Uncommon trap: trap_request=0xffffff45 fr.pc=0x000001d51043ec48 relative=0x0000000000000a48
Event: 13.585 Thread 0x000001d567c33fb0 Uncommon trap: reason=unstable_if action=reinterpret pc=0x000001d51043ec48 method=lombok.core.configuration.FileSystemSourceCache.parseIfNeccesary(Llombok/core/configuration/ConfigurationFile;Llombok/core/configuration/ConfigurationParser;)Llombok/core/co
Event: 13.585 Thread 0x000001d567c33fb0 DEOPT PACKING pc=0x000001d51043ec48 sp=0x00000056cbcfe400
Event: 13.585 Thread 0x000001d567c33fb0 DEOPT UNPACKING pc=0x000001d50f3c3aa2 sp=0x00000056cbcfe3d8 mode 2

Classes loaded (20 events):
Event: 11.925 Loading class java/util/stream/Nodes$IntArrayNode done
Event: 11.925 Loading class java/util/stream/Nodes$IntFixedNodeBuilder done
Event: 11.925 Loading class java/util/stream/ReferencePipeline$4$1
Event: 11.925 Loading class java/util/stream/ReferencePipeline$4$1 done
Event: 12.491 Loading class java/util/stream/ReduceOps$4
Event: 12.491 Loading class java/util/stream/ReduceOps$4 done
Event: 12.491 Loading class java/util/stream/ReduceOps$4ReducingSink
Event: 12.491 Loading class java/util/stream/ReduceOps$4ReducingSink done
Event: 12.493 Loading class java/nio/file/Files$2
Event: 12.493 Loading class java/nio/file/Files$2 done
Event: 12.884 Loading class java/util/concurrent/ArrayBlockingQueue
Event: 12.884 Loading class java/util/concurrent/ArrayBlockingQueue done
Event: 13.004 Loading class java/util/Hashtable$ValueCollection
Event: 13.005 Loading class java/util/Hashtable$ValueCollection done
Event: 13.014 Loading class java/util/concurrent/ConcurrentHashMap$KeySpliterator
Event: 13.014 Loading class java/util/concurrent/ConcurrentHashMap$KeySpliterator done
Event: 13.031 Loading class sun/nio/ch/ChannelOutputStream
Event: 13.031 Loading class sun/nio/ch/ChannelOutputStream done
Event: 13.134 Loading class sun/nio/fs/WindowsFileCopy
Event: 13.135 Loading class sun/nio/fs/WindowsFileCopy done

Classes unloaded (13 events):
Event: 3.354 Thread 0x000001d55b4383e0 Unloading class 0x000001d51b1a4000 'java/lang/invoke/LambdaForm$MH+0x000001d51b1a4000'
Event: 3.354 Thread 0x000001d55b4383e0 Unloading class 0x000001d51b1a3c00 'java/lang/invoke/LambdaForm$MH+0x000001d51b1a3c00'
Event: 3.354 Thread 0x000001d55b4383e0 Unloading class 0x000001d51b1a3800 'java/lang/invoke/LambdaForm$MH+0x000001d51b1a3800'
Event: 3.354 Thread 0x000001d55b4383e0 Unloading class 0x000001d51b1a3400 'java/lang/invoke/LambdaForm$MH+0x000001d51b1a3400'
Event: 3.354 Thread 0x000001d55b4383e0 Unloading class 0x000001d51b1a3000 'java/lang/invoke/LambdaForm$BMH+0x000001d51b1a3000'
Event: 3.354 Thread 0x000001d55b4383e0 Unloading class 0x000001d51b1a2c00 'java/lang/invoke/LambdaForm$DMH+0x000001d51b1a2c00'
Event: 3.354 Thread 0x000001d55b4383e0 Unloading class 0x000001d51b1a1c00 'java/lang/invoke/LambdaForm$DMH+0x000001d51b1a1c00'
Event: 10.951 Thread 0x000001d55b4383e0 Unloading class 0x000001d51b3bc800 'java/lang/invoke/LambdaForm$MH+0x000001d51b3bc800'
Event: 10.951 Thread 0x000001d55b4383e0 Unloading class 0x000001d51b3bbc00 'java/lang/invoke/LambdaForm$MH+0x000001d51b3bbc00'
Event: 10.951 Thread 0x000001d55b4383e0 Unloading class 0x000001d51b3bb400 'java/lang/invoke/LambdaForm$MH+0x000001d51b3bb400'
Event: 10.951 Thread 0x000001d55b4383e0 Unloading class 0x000001d51b3bac00 'java/lang/invoke/LambdaForm$MH+0x000001d51b3bac00'
Event: 10.951 Thread 0x000001d55b4383e0 Unloading class 0x000001d51b3ba800 'java/lang/invoke/LambdaForm$DMH+0x000001d51b3ba800'
Event: 10.951 Thread 0x000001d55b4383e0 Unloading class 0x000001d51b3b9c00 'java/lang/invoke/LambdaForm$MH+0x000001d51b3b9c00'

Classes redefined (0 events):
No events

Internal exceptions (20 events):
Event: 9.985 Thread 0x000001d5650e2950 Exception <a 'sun/nio/fs/WindowsException'{0x00000000eab16100}> (0x00000000eab16100) 
thrown [s\src\hotspot\share\prims\jni.cpp, line 520]
Event: 9.985 Thread 0x000001d565946140 Exception <a 'sun/nio/fs/WindowsException'{0x00000000eace8298}> (0x00000000eace8298) 
thrown [s\src\hotspot\share\prims\jni.cpp, line 520]
Event: 9.985 Thread 0x000001d5650e01f0 Exception <a 'sun/nio/fs/WindowsException'{0x00000000eace7838}> (0x00000000eace7838) 
thrown [s\src\hotspot\share\prims\jni.cpp, line 520]
Event: 9.985 Thread 0x000001d5650e0f10 Exception <a 'sun/nio/fs/WindowsException'{0x00000000eace8d10}> (0x00000000eace8d10) 
thrown [s\src\hotspot\share\prims\jni.cpp, line 520]
Event: 9.986 Thread 0x000001d5650e0880 Exception <a 'sun/nio/fs/WindowsException'{0x00000000eacded80}> (0x00000000eacded80) 
thrown [s\src\hotspot\share\prims\jni.cpp, line 520]
Event: 9.986 Thread 0x000001d5650e22c0 Exception <a 'sun/nio/fs/WindowsException'{0x00000000eaceac18}> (0x00000000eaceac18) 
thrown [s\src\hotspot\share\prims\jni.cpp, line 520]
Event: 9.986 Thread 0x000001d5650df4d0 Exception <a 'sun/nio/fs/WindowsException'{0x00000000eacea1a8}> (0x00000000eacea1a8) 
thrown [s\src\hotspot\share\prims\jni.cpp, line 520]
Event: 9.991 Thread 0x000001d565102300 Exception <a 'sun/nio/fs/WindowsException'{0x00000000eac7d940}> (0x00000000eac7d940) 
thrown [s\src\hotspot\share\prims\jni.cpp, line 520]
Event: 9.992 Thread 0x000001d5650e5dd0 Exception <a 'sun/nio/fs/WindowsException'{0x00000000eabcf6a8}> (0x00000000eabcf6a8) 
thrown [s\src\hotspot\share\prims\jni.cpp, line 520]
Event: 9.992 Thread 0x000001d5650dfb60 Exception <a 'sun/nio/fs/WindowsException'{0x00000000eacb5e30}> (0x00000000eacb5e30) 
thrown [s\src\hotspot\share\prims\jni.cpp, line 520]
Event: 9.992 Thread 0x000001d565946140 Exception <a 'sun/nio/fs/WindowsException'{0x00000000eab256f0}> (0x00000000eab256f0) 
thrown [s\src\hotspot\share\prims\jni.cpp, line 520]
Event: 11.090 Thread 0x000001d564887750 Implicit null exception at 0x000001d5102adfc6 to 0x000001d5102ae514
Event: 11.647 Thread 0x000001d565102300 Implicit null exception at 0x000001d510206a5a to 0x000001d510206ab3
Event: 12.496 Thread 0x000001d565102300 Exception <a 'java/lang/NoSuchMethodError'{0x00000000eabe3650}: 'int java.lang.invoke.DirectMethodHandle$Holder.invokeSpecialIFC(java.lang.Object, java.lang.Object, java.lang.Object)'> (0x00000000eabe3650) 
thrown [s\src\hotspot\share\interpreter\linkResolver.cpp, line 773]
Event: 12.529 Thread 0x000001d565102300 Implicit null exception at 0x000001d5102c36ac to 0x000001d5102c44d0
Event: 13.022 Thread 0x000001d565102300 Exception <a 'java/lang/NoSuchMethodError'{0x00000000eacee340}: 'java.lang.Object java.lang.invoke.DirectMethodHandle$Holder.newInvokeSpecial(java.lang.Object, java.lang.Object, int, int, java.lang.Object)'> (0x00000000eacee340) 
thrown [s\src\hotspot\share\interpreter\linkResolver.cpp, line 773]
Event: 13.136 Thread 0x000001d5648863a0 Exception <a 'sun/nio/fs/WindowsException'{0x00000000eabfbbb0}> (0x00000000eabfbbb0) 
thrown [s\src\hotspot\share\prims\jni.cpp, line 520]
Event: 13.208 Thread 0x000001d567c33fb0 Exception <a 'java/lang/NoSuchMethodError'{0x00000000eabd5858}: 'void java.lang.invoke.DirectMethodHandle$Holder.invokeVirtual(java.lang.Object, java.lang.Object, java.lang.Object, java.lang.Object, java.lang.Object)'> (0x00000000eabd5858) 
thrown [s\src\hotspot\share\interpreter\linkResolver.cpp, line 773]
Event: 13.262 Thread 0x000001d5648863a0 Implicit null exception at 0x000001d51029f261 to 0x000001d5102a1098
Event: 13.441 Thread 0x000001d567c33fb0 Implicit null exception at 0x000001d51042b47d to 0x000001d51042c060

ZGC Phase Switch (0 events):
No events

VM Operations (20 events):
Event: 13.552 Executing VM operation: ParallelGCFailedAllocation (Allocation Failure) done
Event: 13.559 Executing VM operation: ParallelGCFailedAllocation (Allocation Failure)
Event: 13.560 Executing VM operation: ParallelGCFailedAllocation (Allocation Failure) done
Event: 13.566 Executing VM operation: ParallelGCFailedAllocation (Allocation Failure)
Event: 13.567 Executing VM operation: ParallelGCFailedAllocation (Allocation Failure) done
Event: 13.572 Executing VM operation: ParallelGCFailedAllocation (Allocation Failure)
Event: 13.573 Executing VM operation: ParallelGCFailedAllocation (Allocation Failure) done
Event: 13.579 Executing VM operation: ParallelGCFailedAllocation (Allocation Failure)
Event: 13.580 Executing VM operation: ParallelGCFailedAllocation (Allocation Failure) done
Event: 13.586 Executing VM operation: ParallelGCFailedAllocation (Allocation Failure)
Event: 13.587 Executing VM operation: ParallelGCFailedAllocation (Allocation Failure) done
Event: 13.592 Executing VM operation: ParallelGCFailedAllocation (Allocation Failure)
Event: 13.594 Executing VM operation: ParallelGCFailedAllocation (Allocation Failure) done
Event: 13.599 Executing VM operation: ParallelGCFailedAllocation (Allocation Failure)
Event: 13.601 Executing VM operation: ParallelGCFailedAllocation (Allocation Failure) done
Event: 13.605 Executing VM operation: HandshakeAllThreads (Deoptimize)
Event: 13.605 Executing VM operation: HandshakeAllThreads (Deoptimize) done
Event: 13.608 Executing VM operation: ParallelGCFailedAllocation (Allocation Failure)
Event: 13.609 Executing VM operation: ParallelGCFailedAllocation (Allocation Failure) done
Event: 13.616 Executing VM operation: ParallelGCFailedAllocation (Allocation Failure)

Memory protections (0 events):
No events

Nmethod flushes (20 events):
Event: 10.964 Thread 0x000001d55b4383e0 flushing  nmethod 0x000001d50896a210
Event: 10.964 Thread 0x000001d55b4383e0 flushing  nmethod 0x000001d508999510
Event: 10.964 Thread 0x000001d55b4383e0 flushing  nmethod 0x000001d508999b10
Event: 10.964 Thread 0x000001d55b4383e0 flushing  nmethod 0x000001d50899aa90
Event: 10.964 Thread 0x000001d55b4383e0 flushing  nmethod 0x000001d50899ae90
Event: 10.964 Thread 0x000001d55b4383e0 flushing  nmethod 0x000001d50899eb10
Event: 10.964 Thread 0x000001d55b4383e0 flushing osr nmethod 0x000001d508a07110
Event: 10.964 Thread 0x000001d55b4383e0 flushing  nmethod 0x000001d508a0b510
Event: 10.964 Thread 0x000001d55b4383e0 flushing  nmethod 0x000001d508a0ba10
Event: 10.964 Thread 0x000001d55b4383e0 flushing  nmethod 0x000001d508a0be90
Event: 10.964 Thread 0x000001d55b4383e0 flushing  nmethod 0x000001d508a0d010
Event: 10.964 Thread 0x000001d55b4383e0 flushing  nmethod 0x000001d508a0de10
Event: 10.964 Thread 0x000001d55b4383e0 flushing  nmethod 0x000001d508a0f410
Event: 10.964 Thread 0x000001d55b4383e0 flushing  nmethod 0x000001d508a0f790
Event: 10.964 Thread 0x000001d55b4383e0 flushing  nmethod 0x000001d508a10f10
Event: 10.964 Thread 0x000001d55b4383e0 flushing  nmethod 0x000001d508a12610
Event: 10.964 Thread 0x000001d55b4383e0 flushing  nmethod 0x000001d508a37a10
Event: 10.964 Thread 0x000001d55b4383e0 flushing  nmethod 0x000001d508a38990
Event: 10.964 Thread 0x000001d55b4383e0 flushing  nmethod 0x000001d508a3a390
Event: 10.964 Thread 0x000001d55b4383e0 flushing  nmethod 0x000001d508a3b210

Events (20 events):
Event: 11.786 Thread 0x000001d55b56b440 Thread added: 0x000001d5661c7810
Event: 12.888 Thread 0x000001d565102300 Thread added: 0x000001d567c33fb0
Event: 13.024 Thread 0x000001d565102300 Thread added: 0x000001d567c34640
Event: 13.097 Thread 0x000001d565102300 Thread added: 0x000001d567c35360
Event: 13.104 Thread 0x000001d565102300 Thread added: 0x000001d567c359f0
Event: 13.109 Thread 0x000001d565102300 Thread added: 0x000001d562a9c7c0
Event: 13.260 Thread 0x000001d565102300 Thread added: 0x000001d562a9ad80
Event: 13.260 Thread 0x000001d565102300 Thread added: 0x000001d562a9e200
Event: 13.266 Thread 0x000001d565102300 Thread added: 0x000001d562aa02d0
Event: 13.293 Thread 0x000001d565102300 Thread added: 0x000001d562aa0960
Event: 13.297 Thread 0x000001d565102300 Thread added: 0x000001d562a999d0
Event: 13.309 Thread 0x000001d565102300 Thread added: 0x000001d562a9a6f0
Event: 13.321 Thread 0x000001d565102300 Thread added: 0x000001d562a9b410
Event: 13.324 Thread 0x000001d565102300 Thread added: 0x000001d562aa0ff0
Event: 13.330 Thread 0x000001d565102300 Thread added: 0x000001d562a9ce50
Event: 13.330 Thread 0x000001d565102300 Thread added: 0x000001d562a9e890
Event: 13.332 Thread 0x000001d565102300 Thread added: 0x000001d562a9a060
Event: 13.341 Thread 0x000001d565102300 Thread added: 0x000001d562a9ef20
Event: 13.345 Thread 0x000001d565102300 Thread added: 0x000001d562a9f5b0
Event: 13.349 Thread 0x000001d565102300 Thread added: 0x000001d562a9d4e0


Dynamic libraries:
0x00007ff630100000 - 0x00007ff63010e000 	c:\Users\6075569\.cursor\extensions\redhat.java-1.42.0-win32-x64\jre\21.0.7-win32-x86_64\bin\java.exe
0x000001d502940000 - 0x000001d502b57000 	C:\WINDOWS\SYSTEM32\ntd1l.dll
0x000001d502b60000 - 0x000001d502c24000 	C:\WINDOWS\System32\kern3l32.dll
0x00007ffcb3db0000 - 0x00007ffcb3fc7000 	C:\WINDOWS\SYSTEM32\ntdll.dll
0x00007ffcb28a0000 - 0x00007ffcb2964000 	C:\WINDOWS\System32\KERNEL32.DLL
0x00007ffcb0ea0000 - 0x00007ffcb1273000 	C:\WINDOWS\System32\KERNELBASE.dll
0x00007ffcb09a0000 - 0x00007ffcb0db6000 	C:\Program Files\SentinelOne\Sentinel Agent 24.1.6.313\InProcessClient64.dll
0x00007ffcb1fa0000 - 0x00007ffcb2051000 	C:\WINDOWS\System32\ADVAPI32.dll
0x00007ffcb1ee0000 - 0x00007ffcb1f87000 	C:\WINDOWS\System32\msvcrt.dll
0x00007ffcb1e30000 - 0x00007ffcb1ed7000 	C:\WINDOWS\System32\sechost.dll
0x00007ffcb16c0000 - 0x00007ffcb16e8000 	C:\WINDOWS\System32\bcrypt.dll
0x00007ffcb2b20000 - 0x00007ffcb2c34000 	C:\WINDOWS\System32\RPCRT4.dll
0x00007ffcb1830000 - 0x00007ffcb1941000 	C:\WINDOWS\System32\ucrtbase.dll
0x00007ffc65910000 - 0x00007ffc65928000 	c:\Users\6075569\.cursor\extensions\redhat.java-1.42.0-win32-x64\jre\21.0.7-win32-x86_64\bin\jli.dll
0x00007ffc68d90000 - 0x00007ffc68dae000 	c:\Users\6075569\.cursor\extensions\redhat.java-1.42.0-win32-x64\jre\21.0.7-win32-x86_64\bin\VCRUNTIME140.dll
0x00007ffcb2620000 - 0x00007ffcb27d1000 	C:\WINDOWS\System32\USER32.dll
0x00007ffc83150000 - 0x00007ffc833eb000 	C:\WINDOWS\WinSxS\amd64_microsoft.windows.common-controls_6595b64144ccf1df_6.0.22621.5262_none_2712bde373830908\COMCTL32.dll
0x00007ffcb1a10000 - 0x00007ffcb1a36000 	C:\WINDOWS\System32\win32u.dll
0x00007ffcb2060000 - 0x00007ffcb2089000 	C:\WINDOWS\System32\GDI32.dll
0x00007ffcb1320000 - 0x00007ffcb1442000 	C:\WINDOWS\System32\gdi32full.dll
0x00007ffcb1280000 - 0x00007ffcb131a000 	C:\WINDOWS\System32\msvcp_win.dll
0x00007ffcb0890000 - 0x00007ffcb089a000 	C:\WINDOWS\SYSTEM32\VERSION.dll
0x00007ffcb0780000 - 0x00007ffcb078b000 	C:\WINDOWS\SYSTEM32\FLTLIB.DLL
0x00007ffcb2860000 - 0x00007ffcb2891000 	C:\WINDOWS\System32\IMM32.DLL
0x00007ffc98260000 - 0x00007ffc9826c000 	c:\Users\6075569\.cursor\extensions\redhat.java-1.42.0-win32-x64\jre\21.0.7-win32-x86_64\bin\vcruntime140_1.dll
0x00007ffc5e380000 - 0x00007ffc5e40d000 	c:\Users\6075569\.cursor\extensions\redhat.java-1.42.0-win32-x64\jre\21.0.7-win32-x86_64\bin\msvcp140.dll
0x00007ffbeb8f0000 - 0x00007ffbec680000 	c:\Users\6075569\.cursor\extensions\redhat.java-1.42.0-win32-x64\jre\21.0.7-win32-x86_64\bin\server\jvm.dll
0x00007ffcb2ee0000 - 0x00007ffcb2f51000 	C:\WINDOWS\System32\WS2_32.dll
0x00007ffcb0950000 - 0x00007ffcb099d000 	C:\WINDOWS\SYSTEM32\POWRPROF.dll
0x00007ffca47e0000 - 0x00007ffca4814000 	C:\WINDOWS\SYSTEM32\WINMM.dll
0x00007ffcb0760000 - 0x00007ffcb0773000 	C:\WINDOWS\SYSTEM32\UMPDC.dll
0x00007ffcaf980000 - 0x00007ffcaf998000 	C:\WINDOWS\SYSTEM32\kernel.appcore.dll
0x00007ffc97b10000 - 0x00007ffc97b1a000 	c:\Users\6075569\.cursor\extensions\redhat.java-1.42.0-win32-x64\jre\21.0.7-win32-x86_64\bin\jimage.dll
0x00007ffcae0f0000 - 0x00007ffcae322000 	C:\WINDOWS\SYSTEM32\DBGHELP.DLL
0x00007ffcb2f70000 - 0x00007ffcb3303000 	C:\WINDOWS\System32\combase.dll
0x00007ffcb3c90000 - 0x00007ffcb3d67000 	C:\WINDOWS\System32\OLEAUT32.dll
0x00007ffcaaeb0000 - 0x00007ffcaaee2000 	C:\WINDOWS\SYSTEM32\dbgcore.DLL
0x00007ffcb1450000 - 0x00007ffcb14cb000 	C:\WINDOWS\System32\bcryptPrimitives.dll
0x00007ffca0de0000 - 0x00007ffca0def000 	c:\Users\6075569\.cursor\extensions\redhat.java-1.42.0-win32-x64\jre\21.0.7-win32-x86_64\bin\instrument.dll
0x00007ffc5df50000 - 0x00007ffc5df6f000 	c:\Users\6075569\.cursor\extensions\redhat.java-1.42.0-win32-x64\jre\21.0.7-win32-x86_64\bin\java.dll
0x00007ffc0d200000 - 0x00007ffc0d2ad000 	C:\Program Files\SentinelOne\Sentinel Agent 24.1.6.313\SentinelJava64.dll
0x00007ffcb2e70000 - 0x00007ffcb2ed6000 	C:\WINDOWS\System32\SHLWAPI.dll
0x000001d5044f0000 - 0x000001d504691000 	C:\WINDOWS\System32\ole32.dll
0x00007ffc61f30000 - 0x00007ffc61f48000 	c:\Users\6075569\.cursor\extensions\redhat.java-1.42.0-win32-x64\jre\21.0.7-win32-x86_64\bin\zip.dll
0x00007ffcb33f0000 - 0x00007ffcb3c8d000 	C:\WINDOWS\System32\SHELL32.dll
0x00007ffcb16f0000 - 0x00007ffcb182f000 	C:\WINDOWS\System32\wintypes.dll
0x00007ffcae6a0000 - 0x00007ffcaefbd000 	C:\WINDOWS\SYSTEM32\windows.storage.dll
0x00007ffcb2c40000 - 0x00007ffcb2d4b000 	C:\WINDOWS\System32\SHCORE.dll
0x00007ffcb0dd0000 - 0x00007ffcb0dfb000 	C:\WINDOWS\SYSTEM32\profapi.dll
0x00007ffc7e510000 - 0x00007ffc7e520000 	C:\Users\6075569\.cursor\extensions\redhat.java-1.42.0-win32-x64\jre\21.0.7-win32-x86_64\bin\net.dll
0x00007ffcaf9a0000 - 0x00007ffcafacc000 	C:\WINDOWS\SYSTEM32\WINHTTP.dll
0x00007ffcaff20000 - 0x00007ffcaff8a000 	C:\WINDOWS\system32\mswsock.dll
0x00007ffc5e360000 - 0x00007ffc5e376000 	C:\Users\6075569\.cursor\extensions\redhat.java-1.42.0-win32-x64\jre\21.0.7-win32-x86_64\bin\nio.dll
0x00007ffca0190000 - 0x00007ffca01a0000 	c:\Users\6075569\.cursor\extensions\redhat.java-1.42.0-win32-x64\jre\21.0.7-win32-x86_64\bin\verify.dll
0x00007ffc6a200000 - 0x00007ffc6a245000 	C:\Users\6075569\AppData\Roaming\Cursor\User\globalStorage\redhat.java\1.42.0\config_win\org.eclipse.equinox.launcher\org.eclipse.equinox.launcher.win32.win32.x86_64_1.2.1300.v20250331-1702\eclipse_11911.dll
0x00007ffcb0220000 - 0x00007ffcb023b000 	C:\WINDOWS\SYSTEM32\CRYPTSP.dll
0x00007ffcaf8e0000 - 0x00007ffcaf917000 	C:\WINDOWS\system32\rsaenh.dll
0x00007ffcaffc0000 - 0x00007ffcaffe8000 	C:\WINDOWS\SYSTEM32\USERENV.dll
0x00007ffcb0200000 - 0x00007ffcb020c000 	C:\WINDOWS\SYSTEM32\CRYPTBASE.dll
0x00007ffcaf210000 - 0x00007ffcaf23d000 	C:\WINDOWS\SYSTEM32\IPHLPAPI.DLL
0x00007ffcb2850000 - 0x00007ffcb2859000 	C:\WINDOWS\System32\NSI.dll
0x00007ffc6a1b0000 - 0x00007ffc6a1f9000 	C:\Users\6075569\AppData\Local\Temp\jna-2107183008\jna15452665480571764330.dll
0x00007ffcb2e60000 - 0x00007ffcb2e68000 	C:\WINDOWS\System32\PSAPI.DLL
0x00007ffca12b0000 - 0x00007ffca12c9000 	C:\WINDOWS\SYSTEM32\dhcpcsvc6.DLL
0x00007ffca1290000 - 0x00007ffca12af000 	C:\WINDOWS\SYSTEM32\dhcpcsvc.DLL
0x00007ffc7b880000 - 0x00007ffc7b88e000 	C:\Users\6075569\.cursor\extensions\redhat.java-1.42.0-win32-x64\jre\21.0.7-win32-x86_64\bin\sunmscapi.dll
0x00007ffcb14d0000 - 0x00007ffcb1637000 	C:\WINDOWS\System32\CRYPT32.dll
0x00007ffcb03a0000 - 0x00007ffcb03cd000 	C:\WINDOWS\SYSTEM32\ncrypt.dll
0x00007ffcb0360000 - 0x00007ffcb0397000 	C:\WINDOWS\SYSTEM32\NTASN1.dll
0x00007ffcaf240000 - 0x00007ffcaf338000 	C:\WINDOWS\SYSTEM32\DNSAPI.dll
0x00007ffca10e0000 - 0x00007ffca10ea000 	C:\Windows\System32\rasadhlp.dll
0x00007ffc9fe00000 - 0x00007ffc9fe83000 	C:\WINDOWS\System32\fwpuclnt.dll
0x00007ffc77230000 - 0x00007ffc77239000 	C:\Users\6075569\.cursor\extensions\redhat.java-1.42.0-win32-x64\jre\21.0.7-win32-x86_64\bin\extnet.dll

dbghelp: loaded successfully - version: 4.0.5 - missing functions: none
symbol engine: initialized successfully - sym options: 0x614 - pdb path: .;c:\Users\6075569\.cursor\extensions\redhat.java-1.42.0-win32-x64\jre\21.0.7-win32-x86_64\bin;C:\WINDOWS\SYSTEM32;C:\Program Files\SentinelOne\Sentinel Agent 24.1.6.313;C:\WINDOWS\WinSxS\amd64_microsoft.windows.common-controls_6595b64144ccf1df_6.0.22621.5262_none_2712bde373830908;c:\Users\6075569\.cursor\extensions\redhat.java-1.42.0-win32-x64\jre\21.0.7-win32-x86_64\bin\server;C:\Users\6075569\AppData\Roaming\Cursor\User\globalStorage\redhat.java\1.42.0\config_win\org.eclipse.equinox.launcher\org.eclipse.equinox.launcher.win32.win32.x86_64_1.2.1300.v20250331-1702;C:\Users\6075569\AppData\Local\Temp\jna-2107183008

VM Arguments:
jvm_args: --add-modules=ALL-SYSTEM --add-opens=java.base/java.util=ALL-UNNAMED --add-opens=java.base/java.lang=ALL-UNNAMED --add-opens=java.base/sun.nio.fs=ALL-UNNAMED -Declipse.application=org.eclipse.jdt.ls.core.id1 -Dosgi.bundles.defaultStartLevel=4 -Declipse.product=org.eclipse.jdt.ls.core.product -Djava.import.generatesMetadataFilesAtProjectRoot=false -DDetectVMInstallationsJob.disabled=true -Dfile.encoding=utf8 -XX:+UseParallelGC -XX:GCTimeRatio=4 -XX:AdaptiveSizePolicyWeight=90 -Dsun.zip.disableMemoryMapping=true -Xmx1G -Xms100m -Xlog:disable -javaagent:c:\Users\6075569\.cursor\extensions\redhat.java-1.42.0-win32-x64\lombok\lombok-1.18.36.jar -XX:+HeapDumpOnOutOfMemoryError -XX:HeapDumpPath=c:\Users\6075569\AppData\Roaming\Cursor\User\workspaceStorage\6128063bb9d0185284165d3ec6c16c8a\redhat.java -Daether.dependencyCollector.impl=bf -agentpath:C:\Program Files\SentinelOne\Sentinel Agent 24.1.6.313\SentinelJava64.dll=extendedCapabilities 
java_command: c:\Users\6075569\.cursor\extensions\redhat.java-1.42.0-win32-x64\server\plugins\org.eclipse.equinox.launcher_1.7.0.v20250424-1814.jar -configuration c:\Users\6075569\AppData\Roaming\Cursor\User\globalStorage\redhat.java\1.42.0\config_win -data c:\Users\6075569\AppData\Roaming\Cursor\User\workspaceStorage\6128063bb9d0185284165d3ec6c16c8a\redhat.java\jdt_ws --pipe=\\.\pipe\lsp-3f070817361d6414b7e97ea9cd5573fb-sock
java_class_path (initial): c:\Users\6075569\.cursor\extensions\redhat.java-1.42.0-win32-x64\server\plugins\org.eclipse.equinox.launcher_1.7.0.v20250424-1814.jar
Launcher Type: SUN_STANDARD

[Global flags]
    uintx AdaptiveSizePolicyWeight                 = 90                                        {product} {command line}
     intx CICompilerCount                          = 12                                        {product} {ergonomic}
    uintx GCTimeRatio                              = 4                                         {product} {command line}
     bool HeapDumpOnOutOfMemoryError               = true                                   {manageable} {command line}
    ccstr HeapDumpPath                             = c:\Users\6075569\AppData\Roaming\Cursor\User\workspaceStorage\6128063bb9d0185284165d3ec6c16c8a\redhat.java         {manageable} {command line}
   size_t InitialHeapSize                          = 104857600                                 {product} {command line}
   size_t MaxHeapSize                              = 1073741824                                {product} {command line}
   size_t MaxNewSize                               = 357564416                                 {product} {ergonomic}
   size_t MinHeapDeltaBytes                        = 524288                                    {product} {ergonomic}
   size_t MinHeapSize                              = 104857600                                 {product} {command line}
   size_t NewSize                                  = 34603008                                  {product} {ergonomic}
    uintx NonNMethodCodeHeapSize                   = 7602480                                {pd product} {ergonomic}
    uintx NonProfiledCodeHeapSize                  = 122027880                              {pd product} {ergonomic}
   size_t OldSize                                  = 70254592                                  {product} {ergonomic}
    uintx ProfiledCodeHeapSize                     = 122027880                              {pd product} {ergonomic}
    uintx ReservedCodeCacheSize                    = 251658240                              {pd product} {ergonomic}
     bool SegmentedCodeCache                       = true                                      {product} {ergonomic}
   size_t SoftMaxHeapSize                          = 1073741824                             {manageable} {ergonomic}
     bool UseCompressedOops                        = true                           {product lp64_product} {ergonomic}
     bool UseLargePagesIndividualAllocation        = false                                  {pd product} {ergonomic}
     bool UseParallelGC                            = true                                      {product} {command line}

Logging:
Log output configuration:
 #0: stdout all=off uptime,level,tags foldmultilines=false
 #1: stderr all=off uptime,level,tags foldmultilines=false

Environment Variables:
JAVA_HOME=C:\Program Files\Amazon Corretto\jdk17.0.9_8
PATH=C:\Program Files\Amazon Corretto\jdk17.0.9_8\bin;C:\Program Files\Amazon Corretto\jdk11.0.26_4\bin;C:\Program Files\Amazon Corretto\jdk17.0.8_8\bin;C:\Program Files\Amazon Corretto\jdk11.0.22_7\bin;C:\Program Files\Amazon Corretto\jdk11.0.14_10\bin;C:\WINDOWS\system32;C:\WINDOWS;C:\WINDOWS\System32\Wbem;C:\WINDOWS\System32\WindowsPowerShell\v1.0\;C:\WINDOWS\System32\OpenSSH\;C:\Program Files\Amazon\AWSCLIV2\;C:\Program Files\Amazon\SessionManagerPlugin\bin\;C:\Users\6123170\AppData\Roaming\Python\Python38\Scripts;C:\cmder\vendor\git-for-windows\usr\bin;C:\Program Files\dotnet\;C:\Program Files\SQL Anywhere 16\Bin64;C:\Program Files\SQL Anywhere 16\Bin32;C:\Program Files\SQL Anywhere 17\Bin64;C:\Program Files\SQL Anywhere 17\Bin32;C:\Program Files\SQL Anywhere 17\Scripts;C:\Program Files\Git\cmd;C:\Program Files (x86)\NVIDIA Corporation\PhysX\Common;C:\Program Files\nodejs\;C:\Users\6075569\AppData\Local\Programs\Python\Python38\Scripts\;C:\Users\6075569\AppData\Local\Programs\Python\Python38\;C:\Users\6075569\AppData\Local\Microsoft\WindowsApps;C:\Users\6075569\.dotnet\tools;C:\Users\6075569\AppData\Local\Programs\Microsoft VS Code\bin;C:\Users\6075569\AppData\Local\Programs\smimesign;C:\Users\6075569\AppData\Roaming\npm;C:\Program Files\Amazon Corretto\jdk17.0.9_8\cmdline-tools\bin;C:\Users\6075569\AppData\Local\Android\Sdk\platform-tools;C:\Users\6075569\AppData\Local\Android\Sdk\emulator;C:\Users\6075569\AppData\Local\Programs\cursor\resources\app\bin
USERNAME=6075569
OS=Windows_NT
PROCESSOR_IDENTIFIER=Intel64 Family 6 Model 154 Stepping 3, GenuineIntel
TMP=C:\Users\6075569\AppData\Local\Temp
TEMP=C:\Users\6075569\AppData\Local\Temp




Periodic native trim disabled

---------------  S Y S T E M  ---------------

OS:
 Windows 11 , 64 bit Build 22621 (10.0.22621.5262)
OS uptime: 9 days 15:32 hours
Hyper-V role detected

CPU: total 20 (initial active 20) (10 cores per cpu, 2 threads per core) family 6 model 154 stepping 3 microcode 0x435, cx8, cmov, fxsr, ht, mmx, 3dnowpref, sse, sse2, sse3, ssse3, sse4.1, sse4.2, popcnt, lzcnt, tsc, tscinvbit, avx, avx2, aes, erms, clmul, bmi1, bmi2, adx, sha, fma, vzeroupper, clflush, clflushopt, clwb, hv, serialize, rdtscp, rdpid, fsrm, f16c, cet_ibt, cet_ss
Processor Information for processor 0
  Max Mhz: 2400, Current Mhz: 2400, Mhz Limit: 2400
Processor Information for processor 1
  Max Mhz: 2400, Current Mhz: 2400, Mhz Limit: 2400
Processor Information for processor 2
  Max Mhz: 2400, Current Mhz: 2400, Mhz Limit: 2400
Processor Information for processor 3
  Max Mhz: 2400, Current Mhz: 2400, Mhz Limit: 2400
Processor Information for processor 4
  Max Mhz: 2400, Current Mhz: 2400, Mhz Limit: 2400
Processor Information for processor 5
  Max Mhz: 2400, Current Mhz: 2400, Mhz Limit: 2400
Processor Information for processor 6
  Max Mhz: 2400, Current Mhz: 2400, Mhz Limit: 2400
Processor Information for processor 7
  Max Mhz: 2400, Current Mhz: 2400, Mhz Limit: 2400
Processor Information for processor 8
  Max Mhz: 2400, Current Mhz: 2400, Mhz Limit: 2400
Processor Information for processor 9
  Max Mhz: 2400, Current Mhz: 2400, Mhz Limit: 2400
Processor Information for processor 10
  Max Mhz: 2400, Current Mhz: 2400, Mhz Limit: 2400
Processor Information for processor 11
  Max Mhz: 2400, Current Mhz: 2400, Mhz Limit: 2400
Processor Information for processor 12
  Max Mhz: 2400, Current Mhz: 2400, Mhz Limit: 2400
Processor Information for processor 13
  Max Mhz: 2400, Current Mhz: 2400, Mhz Limit: 2400
Processor Information for processor 14
  Max Mhz: 2400, Current Mhz: 1466, Mhz Limit: 2400
Processor Information for processor 15
  Max Mhz: 2400, Current Mhz: 1466, Mhz Limit: 2400
Processor Information for processor 16
  Max Mhz: 2400, Current Mhz: 2400, Mhz Limit: 2400
Processor Information for processor 17
  Max Mhz: 2400, Current Mhz: 2400, Mhz Limit: 2400
Processor Information for processor 18
  Max Mhz: 2400, Current Mhz: 1466, Mhz Limit: 2400
Processor Information for processor 19
  Max Mhz: 2400, Current Mhz: 2400, Mhz Limit: 2400

Memory: 4k page, system-wide physical 32452M (3601M free)
TotalPageFile size 130756M (AvailPageFile size 3M)
current process WorkingSet (physical memory assigned to process): 966M, peak: 966M
current process commit charge ("private bytes"): 880M, peak: 1112M

vm_info: OpenJDK 64-Bit Server VM (21.0.7+6-LTS) for windows-amd64 JRE (21.0.7+6-LTS), built on 2025-04-15T00:00:00Z by "admin" with MS VC++ 17.7 (VS2022)

END.
